<?xml version="1.0" encoding="UTF-8"?>
<!-- Generated by org.testng.reporters.JUnitReportReporter -->
<testsuite hostname="SINGAMREDDY" name="Direct_OP.Test.LoginTest" tests="1" failures="0" timestamp="5 Feb 2024 13:52:25 GMT" time="11.387" errors="0">
  <testcase name="logintest" time="11.387" classname="Direct_OP.Test.LoginTest"/>
</testsuite> <!-- Direct_OP.Test.LoginTest -->
